2015/04/21--08:27:01.751 [main] INFO  o.s.t.c.w.WebTestContextBootstrapper
				- Loaded default TestExecutionListener class names from location [META-INF/spring.factories]: [org.springframework.test.context.web.ServletTestExecutionListener, org.springframework.test.context.support.DependencyInjectionTestExecutionListener, org.springframework.test.context.support.DirtiesContextTestExecutionListener, org.springframework.test.context.transaction.TransactionalTestExecutionListener, org.springframework.test.context.jdbc.SqlScriptsTestExecutionListener]
2015/04/21--08:27:01.773 [main] INFO  o.s.t.c.w.WebTestContextBootstrapper
				- Using TestExecutionListeners: [org.springframework.test.context.web.ServletTestExecutionListener@334ce9, org.springframework.test.context.support.DependencyInjectionTestExecutionListener@1fe626f, org.springframework.test.context.support.DirtiesContextTestExecutionListener@1f074cb, org.springframework.test.context.transaction.TransactionalTestExecutionListener@183cfe9, org.springframework.test.context.jdbc.SqlScriptsTestExecutionListener@c6d81b]
2015/04/21--08:27:02.522 [main] INFO  o.s.j.d.DriverManagerDataSource
				- Loaded JDBC driver: com.mysql.jdbc.Driver
2015/04/21--08:27:02.648 [main] INFO  o.s.o.j.LocalContainerEntityManagerFactoryBean
				- Building JPA container EntityManagerFactory for persistence unit 'projetForum'
2015/04/21--08:27:02.674 [main] INFO  o.h.jpa.internal.util.LogHelper
				- HHH000204: Processing PersistenceUnitInfo [
	name: projetForum
	...]
2015/04/21--08:27:02.763 [main] INFO  org.hibernate.Version
				- HHH000412: Hibernate Core {4.3.7.Final}
2015/04/21--08:27:02.764 [main] INFO  org.hibernate.cfg.Environment
				- HHH000206: hibernate.properties not found
2015/04/21--08:27:02.766 [main] INFO  org.hibernate.cfg.Environment
				- HHH000021: Bytecode provider name : javassist
2015/04/21--08:27:03.022 [main] INFO  o.h.annotations.common.Version
				- HCANN000001: Hibernate Commons Annotations {4.0.5.Final}
2015/04/21--08:27:03.410 [main] INFO  org.hibernate.dialect.Dialect
				- HHH000400: Using dialect: org.hibernate.dialect.MySQLDialect
2015/04/21--08:27:03.657 [main] INFO  o.h.h.i.a.ASTQueryTranslatorFactory
				- HHH000397: Using ASTQueryTranslatorFactory
2015/04/21--08:27:03.712 [main] INFO  o.h.validator.internal.util.Version
				- HV000001: Hibernate Validator 5.1.3.Final
2015/04/21--08:27:05.804 [Thread-1] INFO  o.s.o.j.LocalContainerEntityManagerFactoryBean
				- Closing JPA EntityManagerFactory for persistence unit 'projetForum'
2015/04/21--08:27:44.553 [main] INFO  o.s.t.c.w.WebTestContextBootstrapper
				- Loaded default TestExecutionListener class names from location [META-INF/spring.factories]: [org.springframework.test.context.web.ServletTestExecutionListener, org.springframework.test.context.support.DependencyInjectionTestExecutionListener, org.springframework.test.context.support.DirtiesContextTestExecutionListener, org.springframework.test.context.transaction.TransactionalTestExecutionListener, org.springframework.test.context.jdbc.SqlScriptsTestExecutionListener]
2015/04/21--08:27:44.576 [main] INFO  o.s.t.c.w.WebTestContextBootstrapper
				- Using TestExecutionListeners: [org.springframework.test.context.web.ServletTestExecutionListener@334ce9, org.springframework.test.context.support.DependencyInjectionTestExecutionListener@1fe626f, org.springframework.test.context.support.DirtiesContextTestExecutionListener@1f074cb, org.springframework.test.context.transaction.TransactionalTestExecutionListener@183cfe9, org.springframework.test.context.jdbc.SqlScriptsTestExecutionListener@c6d81b]
2015/04/21--08:27:45.397 [main] INFO  o.s.j.d.DriverManagerDataSource
				- Loaded JDBC driver: com.mysql.jdbc.Driver
2015/04/21--08:27:45.482 [main] INFO  o.s.o.j.LocalContainerEntityManagerFactoryBean
				- Building JPA container EntityManagerFactory for persistence unit 'projetForum'
2015/04/21--08:27:45.508 [main] INFO  o.h.jpa.internal.util.LogHelper
				- HHH000204: Processing PersistenceUnitInfo [
	name: projetForum
	...]
2015/04/21--08:27:45.596 [main] INFO  org.hibernate.Version
				- HHH000412: Hibernate Core {4.3.7.Final}
2015/04/21--08:27:45.597 [main] INFO  org.hibernate.cfg.Environment
				- HHH000206: hibernate.properties not found
2015/04/21--08:27:45.599 [main] INFO  org.hibernate.cfg.Environment
				- HHH000021: Bytecode provider name : javassist
2015/04/21--08:27:45.841 [main] INFO  o.h.annotations.common.Version
				- HCANN000001: Hibernate Commons Annotations {4.0.5.Final}
2015/04/21--08:27:46.230 [main] INFO  org.hibernate.dialect.Dialect
				- HHH000400: Using dialect: org.hibernate.dialect.MySQLDialect
2015/04/21--08:27:46.478 [main] INFO  o.h.h.i.a.ASTQueryTranslatorFactory
				- HHH000397: Using ASTQueryTranslatorFactory
2015/04/21--08:27:46.535 [main] INFO  o.h.validator.internal.util.Version
				- HV000001: Hibernate Validator 5.1.3.Final
2015/04/21--08:27:48.410 [Thread-1] INFO  o.s.o.j.LocalContainerEntityManagerFactoryBean
				- Closing JPA EntityManagerFactory for persistence unit 'projetForum'
